#! /usr/bin/vvp
:ivl_version "11.0 (stable)" "(v11_0)";
:ivl_delay_selection "TYPICAL";
:vpi_time_precision + 0;
:vpi_module "/usr/lib/ivl/system.vpi";
:vpi_module "/usr/lib/ivl/vhdl_sys.vpi";
:vpi_module "/usr/lib/ivl/vhdl_textio.vpi";
:vpi_module "/usr/lib/ivl/v2005_math.vpi";
:vpi_module "/usr/lib/ivl/va_math.vpi";
S_0x5652bcc81330 .scope module, "CLA_tb" "CLA_tb" 2 1;
 .timescale 0 0;
v0x5652bcc9f6a0_0 .var "a", 3 0;
v0x5652bcc9f780_0 .var "b", 3 0;
v0x5652bcc9f850_0 .var "cin", 0 0;
v0x5652bcc9f950_0 .net "cout", 0 0, L_0x5652bcca1e80;  1 drivers
v0x5652bcc9fa20_0 .net "res", 3 0, L_0x5652bcca1b20;  1 drivers
S_0x5652bcc814c0 .scope module, "uut" "CLA" 2 8, 3 1 0, S_0x5652bcc81330;
 .timescale 0 0;
    .port_info 0 /INPUT 4 "a";
    .port_info 1 /INPUT 4 "b";
    .port_info 2 /OUTPUT 4 "res";
    .port_info 3 /INPUT 1 "cin";
    .port_info 4 /OUTPUT 1 "cout";
L_0x5652bcc70330 .functor AND 1, L_0x5652bcc9fb50, L_0x5652bcc9fc90, C4<1>, C4<1>;
L_0x5652bcc9fdd0 .functor AND 1, L_0x5652bcc9fe40, L_0x5652bcc9ff30, C4<1>, C4<1>;
L_0x5652bcca0050 .functor AND 1, L_0x5652bcca00c0, L_0x5652bcca01b0, C4<1>, C4<1>;
L_0x5652bcca0290 .functor AND 1, L_0x5652bcca0330, L_0x5652bcca03d0, C4<1>, C4<1>;
L_0x5652bcca0510 .functor XOR 1, L_0x5652bcca05b0, L_0x5652bcca06a0, C4<0>, C4<0>;
L_0x5652bcca07f0 .functor XOR 1, L_0x5652bcca08d0, L_0x5652bcca0970, C4<0>, C4<0>;
L_0x5652bcca0ad0 .functor XOR 1, L_0x5652bcca0b40, L_0x5652bcca0c30, C4<0>, C4<0>;
L_0x5652bcca0a60 .functor XOR 1, L_0x5652bcca0e20, L_0x5652bcca0f10, C4<0>, C4<0>;
L_0x5652bcca1090 .functor AND 1, L_0x5652bcca0510, v0x5652bcc9f850_0, C4<1>, C4<1>;
L_0x5652bcca11a0 .functor OR 1, L_0x5652bcc70330, L_0x5652bcca1090, C4<0>, C4<0>;
L_0x5652bcca1310 .functor AND 1, L_0x5652bcca07f0, L_0x5652bcca0510, v0x5652bcc9f850_0, C4<1>;
L_0x5652bcca1380 .functor AND 1, L_0x5652bcca07f0, L_0x5652bcc70330, C4<1>, C4<1>;
L_0x5652bcca1460 .functor OR 1, L_0x5652bcca1310, L_0x5652bcca1380, L_0x5652bcc9fdd0, C4<0>;
L_0x5652bcca15c0 .functor AND 1, L_0x5652bcca0ad0, L_0x5652bcca07f0, L_0x5652bcca0510, v0x5652bcc9f850_0;
L_0x5652bcca13f0 .functor AND 1, L_0x5652bcca0ad0, L_0x5652bcca07f0, L_0x5652bcc70330, C4<1>;
L_0x5652bcca1820 .functor AND 1, L_0x5652bcca0ad0, L_0x5652bcc9fdd0, C4<1>, C4<1>;
L_0x5652bcca19e0 .functor OR 1, L_0x5652bcca15c0, L_0x5652bcca13f0, L_0x5652bcca1820, L_0x5652bcca0050;
L_0x5652bcca1ab0/0/0 .functor AND 1, L_0x5652bcca0a60, L_0x5652bcca0ad0, L_0x5652bcca07f0, L_0x5652bcca0510;
L_0x5652bcca1ab0/0/4 .functor AND 1, v0x5652bcc9f850_0, C4<1>, C4<1>, C4<1>;
L_0x5652bcca1ab0 .functor AND 1, L_0x5652bcca1ab0/0/0, L_0x5652bcca1ab0/0/4, C4<1>, C4<1>;
L_0x5652bcca1bc0 .functor AND 1, L_0x5652bcca0a60, L_0x5652bcca0ad0, L_0x5652bcca07f0, L_0x5652bcc70330;
L_0x5652bcca1c30 .functor AND 1, L_0x5652bcca0a60, L_0x5652bcca0ad0, L_0x5652bcc9fdd0, C4<1>;
L_0x5652bcca1de0 .functor AND 1, L_0x5652bcca0a60, L_0x5652bcca0050, C4<1>, C4<1>;
L_0x5652bcca1e80/0/0 .functor OR 1, L_0x5652bcca1ab0, L_0x5652bcca1bc0, L_0x5652bcca1c30, L_0x5652bcca1de0;
L_0x5652bcca1e80/0/4 .functor OR 1, L_0x5652bcca0290, C4<0>, C4<0>, C4<0>;
L_0x5652bcca1e80 .functor OR 1, L_0x5652bcca1e80/0/0, L_0x5652bcca1e80/0/4, C4<0>, C4<0>;
L_0x5652bcca20f0 .functor XOR 1, L_0x5652bcca0510, v0x5652bcc9f850_0, C4<0>, C4<0>;
L_0x5652bcca2160 .functor XOR 1, L_0x5652bcca07f0, L_0x5652bcca11a0, C4<0>, C4<0>;
L_0x5652bcca2400 .functor XOR 1, L_0x5652bcca0ad0, L_0x5652bcca1460, C4<0>, C4<0>;
L_0x5652bcca2710 .functor XOR 1, L_0x5652bcca0a60, L_0x5652bcca19e0, C4<0>, C4<0>;
v0x5652bcc79cf0_0 .net *"_ivl_12", 0 0, L_0x5652bcca00c0;  1 drivers
v0x5652bcc799f0_0 .net *"_ivl_14", 0 0, L_0x5652bcca01b0;  1 drivers
v0x5652bcc6eb00_0 .net *"_ivl_17", 0 0, L_0x5652bcca0330;  1 drivers
v0x5652bcc6e6b0_0 .net *"_ivl_19", 0 0, L_0x5652bcca03d0;  1 drivers
v0x5652bcc6e280_0 .net *"_ivl_2", 0 0, L_0x5652bcc9fb50;  1 drivers
v0x5652bcc9d2f0_0 .net *"_ivl_22", 0 0, L_0x5652bcca05b0;  1 drivers
v0x5652bcc9d3d0_0 .net *"_ivl_24", 0 0, L_0x5652bcca06a0;  1 drivers
v0x5652bcc9d4b0_0 .net *"_ivl_27", 0 0, L_0x5652bcca08d0;  1 drivers
v0x5652bcc9d590_0 .net *"_ivl_29", 0 0, L_0x5652bcca0970;  1 drivers
v0x5652bcc9d670_0 .net *"_ivl_32", 0 0, L_0x5652bcca0b40;  1 drivers
v0x5652bcc9d750_0 .net *"_ivl_34", 0 0, L_0x5652bcca0c30;  1 drivers
v0x5652bcc9d830_0 .net *"_ivl_37", 0 0, L_0x5652bcca0e20;  1 drivers
v0x5652bcc9d910_0 .net *"_ivl_39", 0 0, L_0x5652bcca0f10;  1 drivers
v0x5652bcc9d9f0_0 .net *"_ivl_4", 0 0, L_0x5652bcc9fc90;  1 drivers
v0x5652bcc9dad0_0 .net *"_ivl_55", 0 0, L_0x5652bcca20f0;  1 drivers
v0x5652bcc9dbb0_0 .net *"_ivl_58", 0 0, L_0x5652bcca2160;  1 drivers
v0x5652bcc9dc90_0 .net *"_ivl_61", 0 0, L_0x5652bcca2400;  1 drivers
v0x5652bcc9dd70_0 .net *"_ivl_64", 0 0, L_0x5652bcca2710;  1 drivers
v0x5652bcc9de50_0 .net *"_ivl_7", 0 0, L_0x5652bcc9fe40;  1 drivers
v0x5652bcc9df30_0 .net *"_ivl_9", 0 0, L_0x5652bcc9ff30;  1 drivers
v0x5652bcc9e010_0 .net "a", 3 0, v0x5652bcc9f6a0_0;  1 drivers
v0x5652bcc9e0f0_0 .net "b", 3 0, v0x5652bcc9f780_0;  1 drivers
v0x5652bcc9e1d0_0 .net "carry0", 0 0, L_0x5652bcca11a0;  1 drivers
v0x5652bcc9e290_0 .net "carry1", 0 0, L_0x5652bcca1460;  1 drivers
v0x5652bcc9e350_0 .net "carry2", 0 0, L_0x5652bcca19e0;  1 drivers
v0x5652bcc9e410_0 .net "cin", 0 0, v0x5652bcc9f850_0;  1 drivers
v0x5652bcc9e4d0_0 .net "cout", 0 0, L_0x5652bcca1e80;  alias, 1 drivers
v0x5652bcc9e590_0 .net "g0", 0 0, L_0x5652bcc70330;  1 drivers
v0x5652bcc9e650_0 .net "g1", 0 0, L_0x5652bcc9fdd0;  1 drivers
v0x5652bcc9e710_0 .net "g2", 0 0, L_0x5652bcca0050;  1 drivers
v0x5652bcc9e7d0_0 .net "g3", 0 0, L_0x5652bcca0290;  1 drivers
v0x5652bcc9e890_0 .net "p0", 0 0, L_0x5652bcca0510;  1 drivers
v0x5652bcc9e950_0 .net "p1", 0 0, L_0x5652bcca07f0;  1 drivers
v0x5652bcc9ec20_0 .net "p2", 0 0, L_0x5652bcca0ad0;  1 drivers
v0x5652bcc9ece0_0 .net "p3", 0 0, L_0x5652bcca0a60;  1 drivers
v0x5652bcc9eda0_0 .net "res", 3 0, L_0x5652bcca1b20;  alias, 1 drivers
v0x5652bcc9ee80_0 .net "w1", 0 0, L_0x5652bcca1090;  1 drivers
v0x5652bcc9ef40_0 .net "w10", 0 0, L_0x5652bcca1de0;  1 drivers
v0x5652bcc9f000_0 .net "w2", 0 0, L_0x5652bcca1310;  1 drivers
v0x5652bcc9f0c0_0 .net "w3", 0 0, L_0x5652bcca1380;  1 drivers
v0x5652bcc9f180_0 .net "w4", 0 0, L_0x5652bcca15c0;  1 drivers
v0x5652bcc9f240_0 .net "w5", 0 0, L_0x5652bcca13f0;  1 drivers
v0x5652bcc9f300_0 .net "w6", 0 0, L_0x5652bcca1820;  1 drivers
v0x5652bcc9f3c0_0 .net "w7", 0 0, L_0x5652bcca1ab0;  1 drivers
v0x5652bcc9f480_0 .net "w8", 0 0, L_0x5652bcca1bc0;  1 drivers
v0x5652bcc9f540_0 .net "w9", 0 0, L_0x5652bcca1c30;  1 drivers
L_0x5652bcc9fb50 .part v0x5652bcc9f6a0_0, 0, 1;
L_0x5652bcc9fc90 .part v0x5652bcc9f780_0, 0, 1;
L_0x5652bcc9fe40 .part v0x5652bcc9f6a0_0, 1, 1;
L_0x5652bcc9ff30 .part v0x5652bcc9f780_0, 1, 1;
L_0x5652bcca00c0 .part v0x5652bcc9f6a0_0, 2, 1;
L_0x5652bcca01b0 .part v0x5652bcc9f780_0, 2, 1;
L_0x5652bcca0330 .part v0x5652bcc9f6a0_0, 3, 1;
L_0x5652bcca03d0 .part v0x5652bcc9f780_0, 3, 1;
L_0x5652bcca05b0 .part v0x5652bcc9f6a0_0, 0, 1;
L_0x5652bcca06a0 .part v0x5652bcc9f780_0, 0, 1;
L_0x5652bcca08d0 .part v0x5652bcc9f6a0_0, 1, 1;
L_0x5652bcca0970 .part v0x5652bcc9f780_0, 1, 1;
L_0x5652bcca0b40 .part v0x5652bcc9f6a0_0, 2, 1;
L_0x5652bcca0c30 .part v0x5652bcc9f780_0, 2, 1;
L_0x5652bcca0e20 .part v0x5652bcc9f6a0_0, 3, 1;
L_0x5652bcca0f10 .part v0x5652bcc9f780_0, 3, 1;
L_0x5652bcca1b20 .concat8 [ 1 1 1 1], L_0x5652bcca20f0, L_0x5652bcca2160, L_0x5652bcca2400, L_0x5652bcca2710;
    .scope S_0x5652bcc81330;
T_0 ;
    %vpi_call 2 11 "$dumpfile", "CLA.vcd" {0 0 0};
    %vpi_call 2 12 "$dumpvars", 32'sb00000000000000000000000000000000, S_0x5652bcc81330 {0 0 0};
    %pushi/vec4 0, 0, 4;
    %store/vec4 v0x5652bcc9f6a0_0, 0, 4;
    %pushi/vec4 0, 0, 4;
    %store/vec4 v0x5652bcc9f780_0, 0, 4;
    %pushi/vec4 0, 0, 1;
    %store/vec4 v0x5652bcc9f850_0, 0, 1;
    %delay 300, 0;
    %vpi_call 2 17 "$finish" {0 0 0};
    %end;
    .thread T_0;
    .scope S_0x5652bcc81330;
T_1 ;
    %delay 1, 0;
    %load/vec4 v0x5652bcc9f6a0_0;
    %addi 1, 0, 4;
    %store/vec4 v0x5652bcc9f6a0_0, 0, 4;
    %jmp T_1;
    .thread T_1;
    .scope S_0x5652bcc81330;
T_2 ;
    %delay 16, 0;
    %load/vec4 v0x5652bcc9f780_0;
    %addi 1, 0, 4;
    %store/vec4 v0x5652bcc9f780_0, 0, 4;
    %jmp T_2;
    .thread T_2;
    .scope S_0x5652bcc81330;
T_3 ;
    %vpi_call 2 24 "$monitor", "time = %0t, a = %b, b = %b, cin = %b, res = %b, cout = %b", $time, v0x5652bcc9f6a0_0, v0x5652bcc9f780_0, v0x5652bcc9f850_0, v0x5652bcc9fa20_0, v0x5652bcc9f950_0 {0 0 0};
    %end;
    .thread T_3;
# The file index is used to find the file name in the following table.
:file_names 4;
    "N/A";
    "<interactive>";
    "Cadd_tb.v";
    "Cadd.v";
